<?xml version="1.0" encoding="UTF-8"?>
<!-- Generated by org.testng.reporters.JUnitReportReporter -->
<testsuite name="Com.log4jdemo.log4jconfig" tests="1" time="0.013" ignored="0" failures="0" timestamp="05 Feb 2019 23:55:32 GMT" skipped="0" hostname="LAPTOP-ONUNHAE6" errors="0">
  <testcase name="testMethod" time="0.013" classname="Com.log4jdemo.log4jconfig"/>
</testsuite> <!-- Com.log4jdemo.log4jconfig -->
