<?xml version="1.0" encoding="UTF-8"?>
<!-- Generated by org.testng.reporters.JUnitReportReporter -->
<testsuite name="jenkins.jenkinsdemo" tests="1" time="158.155" ignored="0" failures="0" timestamp="16 Feb 2019 21:45:14 GMT" skipped="0" hostname="LAPTOP-ONUNHAE6" errors="0">
  <testcase name="getportal" time="158.155" classname="jenkins.jenkinsdemo"/>
</testsuite> <!-- jenkins.jenkinsdemo -->
